<?xml version="1.0" encoding="UTF-8"?>
<testng-results ignored="0" total="1" passed="1" failed="0" skipped="0">
  <reporter-output>
  </reporter-output>
  <suite started-at="2022-07-20T10:51:49 IST" name="Default suite" finished-at="2022-07-20T10:51:53 IST" duration-ms="4481">
    <groups>
    </groups>
    <test started-at="2022-07-20T10:51:49 IST" name="Default test" finished-at="2022-07-20T10:51:53 IST" duration-ms="4481">
      <class name="tc.GoogleCheck">
        <test-method signature="t_01_google_search()[pri:0, instance:tc.GoogleCheck@3d1cfad4]" started-at="2022-07-20T10:51:49 IST" name="t_01_google_search" finished-at="2022-07-20T10:51:53 IST" duration-ms="4435" status="PASS">
          <reporter-output>
          </reporter-output>
        </test-method> <!-- t_01_google_search -->
      </class> <!-- tc.GoogleCheck -->
    </test> <!-- Default test -->
  </suite> <!-- Default suite -->
</testng-results>
